C51 COMPILER V9.00   TRAFFIC_LIGHT                                                         01/10/2018 16:43:39 PAGE 1   


C51 COMPILER V9.00, COMPILATION OF MODULE TRAFFIC_LIGHT
OBJECT MODULE PLACED IN traffic_light.OBJ
COMPILER INVOKED BY: D:\Apps\Keil_v4\C51\BIN\C51.EXE traffic_light.c BROWSE DEBUG OBJECTEXTEND

line level    source

   1          #include"STC15F2K60S2.h "
   2          
   3          #define uint unsigned int
   4          #define uchar unsigned char
   5          
   6          sbit Dyellow=P0^0;
   7          sbit Dgreen=P0^1;
   8          sbit Dred=P0^2;
   9          sbit Xyellow=P0^3;
  10          sbit Xgreen=P0^4;
  11          sbit Xred=P2^3;
  12          sbit Nyellow=P1^0;
  13          sbit Ngreen=P1^1;
  14          sbit Nred=P1^2;
  15          sbit Byellow=P1^3;
  16          sbit Bgreen=P1^4;
  17          sbit Bred=P1^5;
  18          sbit Rred=P0^5;
  19          sbit Rgreen=P0^6;
  20          
  21          sbit Kid=P0^7;//儿童提示灯
  22          sbit J=P3^3;//紧急按钮
  23          
  24          uint num1,num2, num3,num4;  //    东   西    南   北
  25          uint w,d,ge1,shi1,ge2,shi2, ge3,shi3, ge4,shi4;
  26                                                                  
  27          /*****************************配置数码管*****************************/
  28          sbit    P_HC595_OE    = P3^7;   //pin 13    OE      out enabled
  29          sbit    P_HC595_SER   = P4^5;   //pin 14        SER             data input
  30          sbit    P_HC595_RCLK  = P4^4;   //pin 12        RCLk    store (latch) clock
  31          sbit    P_HC595_SRCLK = P4^2;   //pin 11        SRCLK   Shift data clock
  32          
  33          
  34          unsigned char code tableduan[]={
  35          // 0    1    2    3    4    5    6    7    8    9    A    B    C    D    E    F
  36                  0x3F,0x06,0x5B,0x4F,0x66,0x6D,0x7D,0x07,0x7F,0x6F,0x77,0x7C,0x39,0x5E,0x79,0x71   
  37          };        // 段码
  38          unsigned char code tablewei[]={
  39                  //1    2    3    4    5    6   7    8  
  40                  0xfe,0xfd,0xfb,0xf7,0xef,0xdf,0xbf,0x7f                                        
  41          };         //位码
  42          
  43          /*****************************配置数码管完成****************/
  44          void delay(uint z)        //延时          
  45          {
  46   1              uint x,y;
  47   1              for(x=z;x>0;x--)
  48   1                      for(y=800;y>0;y--);
  49   1      }
  50          void Send_595(unsigned char dat);
  51          void DisplayScan(unsigned char num,wei);
  52          void display();           //显示
  53          void work();      //工作
  54          /***************************主函数******************************/
  55          void main()
C51 COMPILER V9.00   TRAFFIC_LIGHT                                                         01/10/2018 16:43:39 PAGE 2   

  56          {
  57   1              while(1)
  58   1              {
  59   2                      if(J==0){
  60   3                              Nred=0;Dred=0; Bred=0; Xred=0; Kid=0;delay(10000);}
  61   2                  else{
  62   3                              work();}
  63   2              }
  64   1      }
  65          
  66          /************************* 显示函数 ***************************/
  67          void DisplayScan(uint num,uint place)
  68          {       
*** WARNING C235 IN LINE 68 OF TRAFFIC_LIGHT.C: parameter 1: different types
*** WARNING C235 IN LINE 68 OF TRAFFIC_LIGHT.C: parameter 2: different types
  69   1              Send_595(tablewei[place-1]);                    //输出位码 
  70   1              Send_595(tableduan[num]);               //输出段码
  71   1      
  72   1              P_HC595_RCLK = 1;                                       //锁存输出数据
  73   1              P_HC595_RCLK = 0;                                       
  74   1      } 
  75          void display()
  76               {
  77   1                 uint i=125;
  78   1                 while(i--)
  79   1             {
  80   2                         w=1;d=shi1;DisplayScan(d,w);delay(1);
  81   2                 w=2;d=ge1;DisplayScan(d,w);delay(1);
  82   2                 w=3;d=shi2;DisplayScan(d,w);delay(1);
  83   2                 w=4;d=ge2;DisplayScan(d,w);delay(1);
  84   2                 w=5;d=shi3;DisplayScan(d,w);delay(1);
  85   2                 w=6;d=ge3;DisplayScan(d,w);delay(1);
  86   2                 w=7;d=shi4;DisplayScan(d,w);delay(1);
  87   2                 w=8;d=ge4;DisplayScan(d,w);delay(1); 
  88   2                 }
  89   1           } 
  90          /************************* 工作流程函数 ***************************/
  91          void work()
  92          {
  93   1              num1=63;num2=51 ;num3=27;num4=27;
  94   1              while(num3){
  95   2                      if(J==0){
  96   3                              Nred=0;Dred=0;Ngreen=1;Dyellow=1;Nyellow=1;Dgreen=1; 
  97   3                              Bred=0; Xred=0; Bgreen=1; Xyellow=1; Byellow=1; 
  98   3                              Xgreen=1;Kid=0;Rred=1;Rgreen=0;delay(10000);}
  99   2                  else{
 100   3                              Nyellow=1;Nred=1;Ngreen=0;Dyellow=1;Dred=0;Dgreen=1; 
 101   3                              Byellow=1; Bred=1; Bgreen=0; Xyellow=1; Xred=0; 
 102   3                              Xgreen=1;Kid=1;Rred=0;Rgreen=1;
 103   3                       ge1=num1%10;shi1=num1/10;ge2=num2%10;shi2=num2/10;
 104   3                       ge3=num3%10;shi3=num3/10;ge4=num4%10;shi4=num4/10;
 105   3                       display();num1--;num2--;       num3--;num4--;  
 106   3             }
 107   2           } //状态1
 108   1      
 109   1              num1=36;num2=24 ;num3=3;num4=3;
 110   1              while(num3)
 111   1                   {if(J==0)
 112   2                         {Nred=0;Dred=0;Ngreen=1;Dyellow=1;Nyellow=1;Dgreen=1; 
 113   3                              Bred=0; Xred=0; Bgreen=1; Xyellow=1; Byellow=1; 
 114   3                              Xgreen=1;Kid=0;Rred=1;Rgreen=0;delay(10000);}
 115   2                        else
C51 COMPILER V9.00   TRAFFIC_LIGHT                                                         01/10/2018 16:43:39 PAGE 3   

 116   2                         {Nyellow=0;Nred=1;Ngreen=1;Dyellow=1;Dred=0;Dgreen=1; 
 117   3                              Byellow=0; Bred=1; Bgreen=1; Xyellow=1; Xred=0; 
 118   3                              Xgreen=1;Kid=1;Rred=0;Rgreen=1;
 119   3                       ge1=num1%10;shi1=num1/10;ge2=num2%10;shi2=num2/10;
 120   3                       ge3=num3%10;shi3=num3/10;ge4=num4%10;shi4=num4/10;
 121   3                      display();num1--;num2--;        num3--;num4--;  
 122   3                     }
 123   2                   } //状态2
 124   1      
 125   1              num1=33;num2=21 ;num3=89;num4=89;
 126   1               while(num2)
 127   1                   {if(J==0)
 128   2                         {Nred=0;Dred=0;Ngreen=1;Dyellow=1;Nyellow=1;Dgreen=1; 
 129   3                              Bred=0; Xred=0; Bgreen=1; Xyellow=1; Byellow=1; 
 130   3                              Xgreen=1;Kid=0;Rred=1;Rgreen=0;delay(10000);}
 131   2                        else
 132   2                         {Nyellow=1;Nred=0;Ngreen=1;Dyellow=1;Dred=0;Dgreen=1; 
 133   3                              Byellow=1; Bred=0; Bgreen=1; Xyellow=1; Xred=0; 
 134   3                              Xgreen=1;Kid=1;Rred=1;Rgreen=0;
 135   3                       ge1=num1%10;shi1=num1/10;ge2=num2%10;shi2=num2/10;
 136   3                       ge3=num3%10;shi3=num3/10;ge4=num4%10;shi4=num4/10;
 137   3                       display();num1--;num2--;       num3--;num4--;  
 138   3                     }
 139   2                   } //状态3
 140   1      
 141   1              num1=12;num2=65 ;num3=68;num4=68;
 142   1              while(num1)
 143   1                   {if(J==0)
 144   2                         {Nred=0;Dred=0;Ngreen=1;Dyellow=1;Nyellow=1;Dgreen=1; 
 145   3                              Bred=0; Xred=0; Bgreen=1; Xyellow=1; Byellow=1; 
 146   3                              Xgreen=1;Kid=0;Rred=1;Rgreen=0;delay(10000);}
 147   2                        else
 148   2                         {Nyellow=1;Nred=0;Ngreen=1;Dyellow=1;Dred=0;Dgreen=1; 
 149   3                              Byellow=1; Bred=0; Bgreen=1; Xyellow=1; Xred=1; 
 150   3                              Xgreen=0;Kid=1;Rred=0;Rgreen=1;
 151   3                       ge1=num1%10;shi1=num1/10;ge2=num2%10;shi2=num2/10;
 152   3                       ge3=num3%10;shi3=num3/10;ge4=num4%10;shi4=num4/10;
 153   3                      display();num1--;num2--;        num3--;num4--;  
 154   3                     }
 155   2                   } //状态4
 156   1      
 157   1              num1=53;num2=53 ;num3=56;num4=56;
 158   1              while(num1)
 159   1                   {if(J==0)
 160   2                         {Nred=0;Dred=0;Ngreen=1;Dyellow=1;Nyellow=1;Dgreen=1; 
 161   3                              Bred=0; Xred=0; Bgreen=1; Xyellow=1; Byellow=1; 
 162   3                              Xgreen=1;Kid=0;Rred=1;Rgreen=0;delay(10000);}
 163   2                        else
 164   2                         {Nyellow=1;Nred=0;Ngreen=1;Dyellow=1;Dred=1;Dgreen=0; 
 165   3                              Byellow=1; Bred=0; Bgreen=1; Xyellow=1; Xred=1; 
 166   3                              Xgreen=0;Kid=1;Rred=0;Rgreen=1;
 167   3                       ge1=num1%10;shi1=num1/10;ge2=num2%10;shi2=num2/10;
 168   3                       ge3=num3%10;shi3=num3/10;ge4=num4%10;shi4=num4/10;
 169   3                       display();num1--;num2--;       num3--;num4--;  
 170   3                     }
 171   2                   } //状态5
 172   1              num1=3;num2=3 ;num3=3;num4=3;
 173   1              while(num1)
 174   1                   {if(J==0)
 175   2                         {Nred=0;Dred=0;Ngreen=1;Dyellow=1;Nyellow=1;Dgreen=1; 
 176   3                              Bred=0; Xred=0; Bgreen=1; Xyellow=1; Byellow=1; 
 177   3                              Xgreen=1;Kid=0;Rred=1;Rgreen=0;delay(10000);}
C51 COMPILER V9.00   TRAFFIC_LIGHT                                                         01/10/2018 16:43:39 PAGE 4   

 178   2                        else
 179   2                         {Nyellow=1;Nred=0;Ngreen=1;Dyellow=0;Dred=1;Dgreen=1; 
 180   3                              Byellow=1; Bred=0; Bgreen=1; Xyellow=0; Xred=1; 
 181   3                              Xgreen=1;Kid=1;Rred=0;Rgreen=1;
 182   3                       ge1=num1%10;shi1=num1/10;ge2=num2%10;shi2=num2/10;
 183   3                       ge3=num3%10;shi3=num3/10;ge4=num4%10;shi4=num4/10;
 184   3                       display();num1--;num2--;       num3--;num4--;  
 185   3                               }
 186   2                   } //状态6
 187   1      }
 188                  
 189           /************ 向HC595发送一个字节函数 **************/
 190          void Send_595(unsigned char dat)
 191          {               
 192   1              unsigned char i;
 193   1              P_HC595_OE = 0;           //hc595输出使能
 194   1              for(i=0; i<8; i++)
 195   1              {
 196   2                      if(dat & 0x80)
 197   2                      {
 198   3                              P_HC595_SER   = 1;
 199   3                      }
 200   2                      else
 201   2                      {
 202   3                              P_HC595_SER   = 0;
 203   3                      }               
 204   2                      P_HC595_SRCLK = 1;
 205   2                      P_HC595_SRCLK = 0;
 206   2                      dat <<= 1;
 207   2                      
 208   2              }
 209   1      }


MODULE INFORMATION:   STATIC OVERLAYABLE
   CODE SIZE        =   1073    ----
   CONSTANT SIZE    =     24    ----
   XDATA SIZE       =   ----    ----
   PDATA SIZE       =   ----    ----
   DATA SIZE        =     28       4
   IDATA SIZE       =   ----    ----
   BIT SIZE         =   ----    ----
END OF MODULE INFORMATION.


C51 COMPILATION COMPLETE.  2 WARNING(S),  0 ERROR(S)
